
 2023-08-10 20:30:17,517 : INFO : Test_Login : test_page_title : 13 : Start testing of test_page_title
 2023-08-10 20:30:17,518 : INFO : Test_Login : test_page_title : 14 : Opening Browser
 2023-08-10 20:30:17,518 : INFO : Test_Login : test_page_title : 18 : Go to Url
 2023-08-10 20:30:17,666 : INFO : Test_Login : test_page_title : 24 : test_page_title testing is passed
 2023-08-10 20:30:17,666 : INFO : Test_Login : test_page_title : 33 : test_page_title testing os completed
 2023-08-10 20:30:31,164 : INFO : Test_Login : test_login : 36 : Start testing of test_login
 2023-08-10 20:30:31,165 : INFO : Test_Login : test_login : 37 : Opening Browser
 2023-08-10 20:30:31,165 : INFO : Test_Login : test_login : 39 : Go to Url
 2023-08-10 20:30:33,243 : INFO : Test_Login : test_login : 44 : Enter Clinic Code--->xyz
 2023-08-10 20:30:33,308 : INFO : Test_Login : test_login : 47 : Enter Username---->abc
 2023-08-10 20:30:35,411 : INFO : Test_Login : test_login : 51 : Enter Password---->123
 2023-08-10 20:30:36,507 : INFO : Test_Login : test_login : 56 : Click on Login  Button
 2023-08-10 20:30:38,649 : INFO : Test_Login : test_login : 65 : test_login testing is passed
 2023-08-10 20:30:38,650 : INFO : Test_Login : test_login : 75 : test_login testing os completed
 2023-08-10 20:38:50,833 : INFO : Test_Login : test_page_title : 15 : Start testing of test_page_title
 2023-08-10 20:38:50,834 : INFO : Test_Login : test_page_title : 16 : Opening Browser
 2023-08-10 20:38:50,834 : INFO : Test_Login : test_page_title : 20 : Go to Url
 2023-08-10 20:38:50,984 : INFO : Test_Login : test_page_title : 26 : test_page_title testing is passed
 2023-08-10 20:38:50,984 : INFO : Test_Login : test_page_title : 35 : test_page_title testing os completed
 2023-08-10 20:39:02,233 : INFO : Test_Login : test_login : 39 : Start testing of test_login
 2023-08-10 20:39:02,234 : INFO : Test_Login : test_login : 40 : Opening Browser
 2023-08-10 20:39:02,234 : INFO : Test_Login : test_login : 42 : Go to Url
 2023-08-10 20:39:04,303 : INFO : Test_Login : test_login : 47 : Enter Clinic Code--->xyz
 2023-08-10 20:39:04,364 : INFO : Test_Login : test_login : 50 : Enter Username---->abc
 2023-08-10 20:39:06,429 : INFO : Test_Login : test_login : 54 : Enter Password---->123
 2023-08-10 20:39:07,504 : INFO : Test_Login : test_login : 59 : Click on Login  Button
 2023-08-10 20:39:09,640 : INFO : Test_Login : test_login : 68 : test_login testing is passed
 2023-08-10 20:39:09,640 : INFO : Test_Login : test_login : 78 : test_login testing os completed
 2023-08-10 20:47:59,122 : INFO : Test_Login : test_page_title : 15 : Start testing of test_page_title
 2023-08-10 20:47:59,123 : INFO : Test_Login : test_page_title : 16 : Opening Browser
 2023-08-10 20:47:59,123 : INFO : Test_Login : test_page_title : 20 : Go to Url
 2023-08-10 20:47:59,265 : INFO : Test_Login : test_page_title : 26 : test_page_title testing is passed
 2023-08-10 20:47:59,265 : INFO : Test_Login : test_page_title : 35 : test_page_title testing os completed
 2023-08-10 20:48:10,614 : INFO : Test_Login : test_login : 39 : Start testing of test_login
 2023-08-10 20:48:10,614 : INFO : Test_Login : test_login : 40 : Opening Browser
 2023-08-10 20:48:10,614 : INFO : Test_Login : test_login : 42 : Go to Url
 2023-08-10 20:48:12,678 : INFO : Test_Login : test_login : 47 : Enter Clinic Code--->xyz
 2023-08-10 20:48:12,740 : INFO : Test_Login : test_login : 50 : Enter Username---->abc
 2023-08-10 20:48:14,793 : INFO : Test_Login : test_login : 54 : Enter Password---->123
 2023-08-10 20:48:15,864 : INFO : Test_Login : test_login : 59 : Click on Login  Button
 2023-08-10 20:48:18,021 : INFO : Test_Login : test_login : 68 : test_login testing is passed
 2023-08-10 20:48:18,021 : INFO : Test_Login : test_login : 78 : test_login testing os completed
 2023-08-10 20:49:08,477 : INFO : Test_Login : test_page_title : 15 : Start testing of test_page_title
 2023-08-10 20:49:08,477 : INFO : Test_Login : test_page_title : 16 : Opening Browser
 2023-08-10 20:49:08,477 : INFO : Test_Login : test_page_title : 20 : Go to Url
 2023-08-10 20:49:08,633 : INFO : Test_Login : test_page_title : 26 : test_page_title testing is passed
 2023-08-10 20:49:08,633 : INFO : Test_Login : test_page_title : 35 : test_page_title testing os completed
 2023-08-10 20:51:01,140 : INFO : Test_Login : test_page_title : 15 : Start testing of test_page_title
 2023-08-10 20:51:01,140 : INFO : Test_Login : test_page_title : 16 : Opening Browser
 2023-08-10 20:51:01,140 : INFO : Test_Login : test_page_title : 20 : Go to Url
 2023-08-10 20:51:01,649 : INFO : Test_Login : test_page_title : 26 : test_page_title testing is passed
 2023-08-10 20:51:01,649 : INFO : Test_Login : test_page_title : 35 : test_page_title testing os completed
 2023-08-10 20:52:03,169 : INFO : Test_Login : test_page_title : 15 : Start testing of test_page_title
 2023-08-10 20:52:03,169 : INFO : Test_Login : test_page_title : 16 : Opening Browser
 2023-08-10 20:52:03,169 : INFO : Test_Login : test_page_title : 20 : Go to Url
 2023-08-10 20:52:03,353 : INFO : Test_Login : test_page_title : 26 : test_page_title testing is passed
 2023-08-10 20:52:03,353 : INFO : Test_Login : test_page_title : 35 : test_page_title testing os completed
 2023-08-10 20:52:16,591 : INFO : Test_Login : test_login : 39 : Start testing of test_login
 2023-08-10 20:52:16,591 : INFO : Test_Login : test_login : 40 : Opening Browser
 2023-08-10 20:52:16,591 : INFO : Test_Login : test_login : 42 : Go to Url
 2023-08-10 20:52:18,672 : INFO : Test_Login : test_login : 47 : Enter Clinic Code--->xyz
 2023-08-10 20:52:18,726 : INFO : Test_Login : test_login : 50 : Enter Username---->abc
 2023-08-10 20:52:20,799 : INFO : Test_Login : test_login : 54 : Enter Password---->123
 2023-08-10 20:52:21,867 : INFO : Test_Login : test_login : 59 : Click on Login  Button
 2023-08-10 20:52:24,028 : INFO : Test_Login : test_login : 68 : test_login testing is passed
 2023-08-10 20:52:24,028 : INFO : Test_Login : test_login : 78 : test_login testing os completed
 2023-08-10 20:52:43,212 : INFO : Test_Login : test_page_title : 15 : Start testing of test_page_title
 2023-08-10 20:52:43,212 : INFO : Test_Login : test_page_title : 16 : Opening Browser
 2023-08-10 20:52:43,212 : INFO : Test_Login : test_page_title : 20 : Go to Url
 2023-08-10 20:52:43,387 : INFO : Test_Login : test_page_title : 26 : test_page_title testing is passed
 2023-08-10 20:52:43,387 : INFO : Test_Login : test_page_title : 35 : test_page_title testing os completed
 2023-08-10 20:53:22,591 : INFO : Test_Login : test_page_title : 15 : Start testing of test_page_title
 2023-08-10 20:53:22,591 : INFO : Test_Login : test_page_title : 16 : Opening Browser
 2023-08-10 20:53:22,591 : INFO : Test_Login : test_page_title : 20 : Go to Url
 2023-08-10 20:53:22,752 : INFO : Test_Login : test_page_title : 26 : test_page_title testing is passed
 2023-08-10 20:53:22,752 : INFO : Test_Login : test_page_title : 35 : test_page_title testing os completed
 2023-08-10 20:54:40,687 : INFO : Test_Login : test_login : 39 : Start testing of test_login
 2023-08-10 20:54:40,688 : INFO : Test_Login : test_login : 40 : Opening Browser
 2023-08-10 20:54:40,688 : INFO : Test_Login : test_login : 42 : Go to Url
 2023-08-10 20:54:42,767 : INFO : Test_Login : test_login : 47 : Enter Clinic Code--->xyz
 2023-08-10 20:54:42,815 : INFO : Test_Login : test_login : 50 : Enter Username---->abc
 2023-08-10 20:54:44,870 : INFO : Test_Login : test_login : 54 : Enter Password---->123
 2023-08-10 20:54:45,941 : INFO : Test_Login : test_login : 59 : Click on Login  Button
 2023-08-10 20:54:48,101 : INFO : Test_Login : test_login : 68 : test_login testing is passed
 2023-08-10 20:54:48,101 : INFO : Test_Login : test_login : 78 : test_login testing os completed
 2023-08-10 20:55:26,424 : INFO : Test_Login : test_login : 39 : Start testing of test_login
 2023-08-10 20:55:26,425 : INFO : Test_Login : test_login : 40 : Opening Browser
 2023-08-10 20:55:26,425 : INFO : Test_Login : test_login : 42 : Go to Url
 2023-08-10 20:55:28,501 : INFO : Test_Login : test_login : 47 : Enter Clinic Code--->xyz
 2023-08-10 20:55:28,550 : INFO : Test_Login : test_login : 50 : Enter Username---->abc
 2023-08-10 20:55:30,603 : INFO : Test_Login : test_login : 54 : Enter Password---->123
 2023-08-10 20:55:31,688 : INFO : Test_Login : test_login : 59 : Click on Login  Button
 2023-08-10 20:55:33,866 : INFO : Test_Login : test_login : 68 : test_login testing is passed
 2023-08-10 20:55:33,866 : INFO : Test_Login : test_login : 78 : test_login testing os completed
 2023-08-10 22:10:18,219 : INFO : Test_Login : test_page_title : 20 : Start testing of test_page_title
 2023-08-10 22:10:18,219 : INFO : Test_Login : test_page_title : 21 : Opening Browser
 2023-08-10 22:10:18,220 : INFO : Test_Login : test_page_title : 25 : Go to Url
 2023-08-10 22:10:18,510 : INFO : Test_Login : test_page_title : 32 : test_page_title testing is passed
 2023-08-10 22:10:18,511 : INFO : Test_Login : test_page_title : 42 : test_page_title testing os completed
 2023-08-10 22:10:49,341 : INFO : Test_Login : test_login : 49 : Start testing of test_login
 2023-08-10 22:10:49,341 : INFO : Test_Login : test_login : 50 : Opening Browser
 2023-08-10 22:10:49,341 : INFO : Test_Login : test_login : 52 : Go to Url
 2023-08-10 22:10:51,395 : INFO : Test_Login : test_login : 57 : Enter Clinic Code--->xyz
 2023-08-10 22:10:51,456 : INFO : Test_Login : test_login : 60 : Enter Username---->abc
 2023-08-10 22:10:53,509 : INFO : Test_Login : test_login : 64 : Enter Password---->123
 2023-08-10 22:10:54,603 : INFO : Test_Login : test_login : 69 : Click on Login  Button
 2023-08-10 22:10:56,856 : INFO : Test_Login : test_login : 81 : test_login testing is passed
 2023-08-10 22:10:56,856 : INFO : Test_Login : test_login : 93 : test_login testing os completed
 2023-08-10 22:21:07,529 : INFO : Test_Login : test_login : 49 : Start testing of test_login
 2023-08-10 22:21:07,529 : INFO : Test_Login : test_login : 50 : Opening Browser
 2023-08-10 22:21:07,529 : INFO : Test_Login : test_login : 52 : Go to Url
 2023-08-10 22:21:08,140 : INFO : Test_Login : test_page_title : 20 : Start testing of test_page_title
 2023-08-10 22:21:08,140 : INFO : Test_Login : test_page_title : 21 : Opening Browser
 2023-08-10 22:21:08,140 : INFO : Test_Login : test_page_title : 25 : Go to Url
 2023-08-10 22:21:08,883 : INFO : Test_Login : test_page_title : 32 : test_page_title testing is passed
 2023-08-10 22:21:08,887 : INFO : Test_Login : test_page_title : 42 : test_page_title testing os completed
 2023-08-10 22:21:09,667 : INFO : Test_Login : test_login : 57 : Enter Clinic Code--->xyz
 2023-08-10 22:21:09,834 : INFO : Test_Login : test_login : 60 : Enter Username---->abc
 2023-08-10 22:21:11,939 : INFO : Test_Login : test_login : 64 : Enter Password---->123
 2023-08-10 22:21:13,052 : INFO : Test_Login : test_login : 69 : Click on Login  Button
 2023-08-10 22:21:18,514 : INFO : Test_Login : test_login : 81 : test_login testing is passed
 2023-08-10 22:21:18,514 : INFO : Test_Login : test_login : 93 : test_login testing os completed
 2023-08-10 22:23:54,308 : INFO : Test_Login : test_page_title : 20 : Start testing of test_page_title
 2023-08-10 22:23:54,308 : INFO : Test_Login : test_page_title : 21 : Opening Browser
 2023-08-10 22:23:54,308 : INFO : Test_Login : test_page_title : 25 : Go to Url
 2023-08-10 22:23:54,692 : INFO : Test_Login : test_page_title : 32 : test_page_title testing is passed
 2023-08-10 22:23:54,692 : INFO : Test_Login : test_page_title : 42 : test_page_title testing os completed
 2023-08-10 22:25:43,506 : INFO : Test_Login : test_login : 49 : Start testing of test_login
 2023-08-10 22:25:43,506 : INFO : Test_Login : test_login : 50 : Opening Browser
 2023-08-10 22:25:43,506 : INFO : Test_Login : test_login : 52 : Go to Url
 2023-08-10 22:25:45,594 : INFO : Test_Login : test_login : 57 : Enter Clinic Code--->xyz
 2023-08-10 22:25:45,701 : INFO : Test_Login : test_login : 60 : Enter Username---->abc
 2023-08-10 22:25:47,808 : INFO : Test_Login : test_login : 64 : Enter Password---->123
 2023-08-10 22:25:48,942 : INFO : Test_Login : test_login : 69 : Click on Login  Button
 2023-08-10 22:25:51,330 : INFO : Test_Login : test_login : 81 : test_login testing is passed
 2023-08-10 22:25:51,330 : INFO : Test_Login : test_login : 93 : test_login testing os completed
